D:\study\courses\Virtualization\Training\Templates\Hypervisor-From-Scratch\Part 4 - Address Translation Using Extended Page Table (EPT)\MyHypervisorDriver\MyHypervisorDriver\MyHypervisorDriver.vcxproj(69,5): warning MSB4011: "C:\Program Files (x86)\Microsoft Visual Studio\2019\Community\MSBuild\Microsoft\VC\v160\BuildCustomizations\masm.props" cannot be imported again. It was already imported at "C:\Program Files (x86)\Windows Kits\10\build\WindowsDriver.Shared.props (330,3)". This is most likely a build authoring error. This subsequent import will be ignored. 
D:\study\courses\Virtualization\Training\Templates\Hypervisor-From-Scratch\Part 4 - Address Translation Using Extended Page Table (EPT)\MyHypervisorDriver\MyHypervisorDriver\MyHypervisorDriver.vcxproj(132,5): warning MSB4011: "C:\Program Files (x86)\Microsoft Visual Studio\2019\Community\MSBuild\Microsoft\VC\v160\BuildCustomizations\masm.targets" cannot be imported again. It was already imported at "C:\Program Files (x86)\Windows Kits\10\build\WindowsDriver.common.targets (1797,3)". This is most likely a build authoring error. This subsequent import will be ignored. 
  Building 'MyHypervisorDriver' with toolset 'WindowsKernelModeDriver10.0' and the 'Universal' target platform.
  Stamping x64\Release\MyHypervisorDriver.inf
  Stamping [Version] section with DriverVer=03/29/2020,18.11.36.816
  Assembling Main.asm...
  EPT.c
D:\study\courses\Virtualization\Training\Templates\Hypervisor-From-Scratch\Part 4 - Address Translation Using Extended Page Table (EPT)\MyHypervisorDriver\MyHypervisorDriver\EPT.h(9,24): warning C4214: nonstandard extension used: bit field types other than int
D:\study\courses\Virtualization\Training\Templates\Hypervisor-From-Scratch\Part 4 - Address Translation Using Extended Page Table (EPT)\MyHypervisorDriver\MyHypervisorDriver\EPT.h(10,28): warning C4214: nonstandard extension used: bit field types other than int
D:\study\courses\Virtualization\Training\Templates\Hypervisor-From-Scratch\Part 4 - Address Translation Using Extended Page Table (EPT)\MyHypervisorDriver\MyHypervisorDriver\EPT.h(11,35): warning C4214: nonstandard extension used: bit field types other than int
D:\study\courses\Virtualization\Training\Templates\Hypervisor-From-Scratch\Part 4 - Address Translation Using Extended Page Table (EPT)\MyHypervisorDriver\MyHypervisorDriver\EPT.h(12,23): warning C4214: nonstandard extension used: bit field types other than int
D:\study\courses\Virtualization\Training\Templates\Hypervisor-From-Scratch\Part 4 - Address Translation Using Extended Page Table (EPT)\MyHypervisorDriver\MyHypervisorDriver\EPT.h(13,26): warning C4214: nonstandard extension used: bit field types other than int
D:\study\courses\Virtualization\Training\Templates\Hypervisor-From-Scratch\Part 4 - Address Translation Using Extended Page Table (EPT)\MyHypervisorDriver\MyHypervisorDriver\EPT.h(14,24): warning C4214: nonstandard extension used: bit field types other than int
D:\study\courses\Virtualization\Training\Templates\Hypervisor-From-Scratch\Part 4 - Address Translation Using Extended Page Table (EPT)\MyHypervisorDriver\MyHypervisorDriver\EPT.h(24,18): warning C4214: nonstandard extension used: bit field types other than int
D:\study\courses\Virtualization\Training\Templates\Hypervisor-From-Scratch\Part 4 - Address Translation Using Extended Page Table (EPT)\MyHypervisorDriver\MyHypervisorDriver\EPT.h(25,19): warning C4214: nonstandard extension used: bit field types other than int
D:\study\courses\Virtualization\Training\Templates\Hypervisor-From-Scratch\Part 4 - Address Translation Using Extended Page Table (EPT)\MyHypervisorDriver\MyHypervisorDriver\EPT.h(26,21): warning C4214: nonstandard extension used: bit field types other than int
D:\study\courses\Virtualization\Training\Templates\Hypervisor-From-Scratch\Part 4 - Address Translation Using Extended Page Table (EPT)\MyHypervisorDriver\MyHypervisorDriver\EPT.h(27,23): warning C4214: nonstandard extension used: bit field types other than int
D:\study\courses\Virtualization\Training\Templates\Hypervisor-From-Scratch\Part 4 - Address Translation Using Extended Page Table (EPT)\MyHypervisorDriver\MyHypervisorDriver\EPT.h(28,22): warning C4214: nonstandard extension used: bit field types other than int
D:\study\courses\Virtualization\Training\Templates\Hypervisor-From-Scratch\Part 4 - Address Translation Using Extended Page Table (EPT)\MyHypervisorDriver\MyHypervisorDriver\EPT.h(29,22): warning C4214: nonstandard extension used: bit field types other than int
D:\study\courses\Virtualization\Training\Templates\Hypervisor-From-Scratch\Part 4 - Address Translation Using Extended Page Table (EPT)\MyHypervisorDriver\MyHypervisorDriver\EPT.h(30,32): warning C4214: nonstandard extension used: bit field types other than int
D:\study\courses\Virtualization\Training\Templates\Hypervisor-From-Scratch\Part 4 - Address Translation Using Extended Page Table (EPT)\MyHypervisorDriver\MyHypervisorDriver\EPT.h(31,22): warning C4214: nonstandard extension used: bit field types other than int
D:\study\courses\Virtualization\Training\Templates\Hypervisor-From-Scratch\Part 4 - Address Translation Using Extended Page Table (EPT)\MyHypervisorDriver\MyHypervisorDriver\EPT.h(32,30): warning C4214: nonstandard extension used: bit field types other than int
D:\study\courses\Virtualization\Training\Templates\Hypervisor-From-Scratch\Part 4 - Address Translation Using Extended Page Table (EPT)\MyHypervisorDriver\MyHypervisorDriver\EPT.h(33,23): warning C4214: nonstandard extension used: bit field types other than int
D:\study\courses\Virtualization\Training\Templates\Hypervisor-From-Scratch\Part 4 - Address Translation Using Extended Page Table (EPT)\MyHypervisorDriver\MyHypervisorDriver\EPT.h(34,23): warning C4214: nonstandard extension used: bit field types other than int
D:\study\courses\Virtualization\Training\Templates\Hypervisor-From-Scratch\Part 4 - Address Translation Using Extended Page Table (EPT)\MyHypervisorDriver\MyHypervisorDriver\EPT.h(44,18): warning C4214: nonstandard extension used: bit field types other than int
D:\study\courses\Virtualization\Training\Templates\Hypervisor-From-Scratch\Part 4 - Address Translation Using Extended Page Table (EPT)\MyHypervisorDriver\MyHypervisorDriver\EPT.h(45,19): warning C4214: nonstandard extension used: bit field types other than int
D:\study\courses\Virtualization\Training\Templates\Hypervisor-From-Scratch\Part 4 - Address Translation Using Extended Page Table (EPT)\MyHypervisorDriver\MyHypervisorDriver\EPT.h(46,21): warning C4214: nonstandard extension used: bit field types other than int
D:\study\courses\Virtualization\Training\Templates\Hypervisor-From-Scratch\Part 4 - Address Translation Using Extended Page Table (EPT)\MyHypervisorDriver\MyHypervisorDriver\EPT.h(47,23): warning C4214: nonstandard extension used: bit field types other than int
D:\study\courses\Virtualization\Training\Templates\Hypervisor-From-Scratch\Part 4 - Address Translation Using Extended Page Table (EPT)\MyHypervisorDriver\MyHypervisorDriver\EPT.h(48,22): warning C4214: nonstandard extension used: bit field types other than int
D:\study\courses\Virtualization\Training\Templates\Hypervisor-From-Scratch\Part 4 - Address Translation Using Extended Page Table (EPT)\MyHypervisorDriver\MyHypervisorDriver\EPT.h(49,22): warning C4214: nonstandard extension used: bit field types other than int
D:\study\courses\Virtualization\Training\Templates\Hypervisor-From-Scratch\Part 4 - Address Translation Using Extended Page Table (EPT)\MyHypervisorDriver\MyHypervisorDriver\EPT.h(50,32): warning C4214: nonstandard extension used: bit field types other than int
D:\study\courses\Virtualization\Training\Templates\Hypervisor-From-Scratch\Part 4 - Address Translation Using Extended Page Table (EPT)\MyHypervisorDriver\MyHypervisorDriver\EPT.h(51,22): warning C4214: nonstandard extension used: bit field types other than int
D:\study\courses\Virtualization\Training\Templates\Hypervisor-From-Scratch\Part 4 - Address Translation Using Extended Page Table (EPT)\MyHypervisorDriver\MyHypervisorDriver\EPT.h(52,30): warning C4214: nonstandard extension used: bit field types other than int
D:\study\courses\Virtualization\Training\Templates\Hypervisor-From-Scratch\Part 4 - Address Translation Using Extended Page Table (EPT)\MyHypervisorDriver\MyHypervisorDriver\EPT.h(53,23): warning C4214: nonstandard extension used: bit field types other than int
D:\study\courses\Virtualization\Training\Templates\Hypervisor-From-Scratch\Part 4 - Address Translation Using Extended Page Table (EPT)\MyHypervisorDriver\MyHypervisorDriver\EPT.h(54,23): warning C4214: nonstandard extension used: bit field types other than int
D:\study\courses\Virtualization\Training\Templates\Hypervisor-From-Scratch\Part 4 - Address Translation Using Extended Page Table (EPT)\MyHypervisorDriver\MyHypervisorDriver\EPT.h(63,18): warning C4214: nonstandard extension used: bit field types other than int
D:\study\courses\Virtualization\Training\Templates\Hypervisor-From-Scratch\Part 4 - Address Translation Using Extended Page Table (EPT)\MyHypervisorDriver\MyHypervisorDriver\EPT.h(64,19): warning C4214: nonstandard extension used: bit field types other than int
D:\study\courses\Virtualization\Training\Templates\Hypervisor-From-Scratch\Part 4 - Address Translation Using Extended Page Table (EPT)\MyHypervisorDriver\MyHypervisorDriver\EPT.h(65,21): warning C4214: nonstandard extension used: bit field types other than int
D:\study\courses\Virtualization\Training\Templates\Hypervisor-From-Scratch\Part 4 - Address Translation Using Extended Page Table (EPT)\MyHypervisorDriver\MyHypervisorDriver\EPT.h(66,23): warning C4214: nonstandard extension used: bit field types other than int
D:\study\courses\Virtualization\Training\Templates\Hypervisor-From-Scratch\Part 4 - Address Translation Using Extended Page Table (EPT)\MyHypervisorDriver\MyHypervisorDriver\EPT.h(67,22): warning C4214: nonstandard extension used: bit field types other than int
D:\study\courses\Virtualization\Training\Templates\Hypervisor-From-Scratch\Part 4 - Address Translation Using Extended Page Table (EPT)\MyHypervisorDriver\MyHypervisorDriver\EPT.h(68,22): warning C4214: nonstandard extension used: bit field types other than int
D:\study\courses\Virtualization\Training\Templates\Hypervisor-From-Scratch\Part 4 - Address Translation Using Extended Page Table (EPT)\MyHypervisorDriver\MyHypervisorDriver\EPT.h(69,32): warning C4214: nonstandard extension used: bit field types other than int
D:\study\courses\Virtualization\Training\Templates\Hypervisor-From-Scratch\Part 4 - Address Translation Using Extended Page Table (EPT)\MyHypervisorDriver\MyHypervisorDriver\EPT.h(70,22): warning C4214: nonstandard extension used: bit field types other than int
D:\study\courses\Virtualization\Training\Templates\Hypervisor-From-Scratch\Part 4 - Address Translation Using Extended Page Table (EPT)\MyHypervisorDriver\MyHypervisorDriver\EPT.h(71,30): warning C4214: nonstandard extension used: bit field types other than int
D:\study\courses\Virtualization\Training\Templates\Hypervisor-From-Scratch\Part 4 - Address Translation Using Extended Page Table (EPT)\MyHypervisorDriver\MyHypervisorDriver\EPT.h(72,23): warning C4214: nonstandard extension used: bit field types other than int
D:\study\courses\Virtualization\Training\Templates\Hypervisor-From-Scratch\Part 4 - Address Translation Using Extended Page Table (EPT)\MyHypervisorDriver\MyHypervisorDriver\EPT.h(73,23): warning C4214: nonstandard extension used: bit field types other than int
D:\study\courses\Virtualization\Training\Templates\Hypervisor-From-Scratch\Part 4 - Address Translation Using Extended Page Table (EPT)\MyHypervisorDriver\MyHypervisorDriver\EPT.h(81,18): warning C4214: nonstandard extension used: bit field types other than int
D:\study\courses\Virtualization\Training\Templates\Hypervisor-From-Scratch\Part 4 - Address Translation Using Extended Page Table (EPT)\MyHypervisorDriver\MyHypervisorDriver\EPT.h(82,19): warning C4214: nonstandard extension used: bit field types other than int
D:\study\courses\Virtualization\Training\Templates\Hypervisor-From-Scratch\Part 4 - Address Translation Using Extended Page Table (EPT)\MyHypervisorDriver\MyHypervisorDriver\EPT.h(83,21): warning C4214: nonstandard extension used: bit field types other than int
D:\study\courses\Virtualization\Training\Templates\Hypervisor-From-Scratch\Part 4 - Address Translation Using Extended Page Table (EPT)\MyHypervisorDriver\MyHypervisorDriver\EPT.h(84,27): warning C4214: nonstandard extension used: bit field types other than int
D:\study\courses\Virtualization\Training\Templates\Hypervisor-From-Scratch\Part 4 - Address Translation Using Extended Page Table (EPT)\MyHypervisorDriver\MyHypervisorDriver\EPT.h(85,23): warning C4214: nonstandard extension used: bit field types other than int
D:\study\courses\Virtualization\Training\Templates\Hypervisor-From-Scratch\Part 4 - Address Translation Using Extended Page Table (EPT)\MyHypervisorDriver\MyHypervisorDriver\EPT.h(86,22): warning C4214: nonstandard extension used: bit field types other than int
D:\study\courses\Virtualization\Training\Templates\Hypervisor-From-Scratch\Part 4 - Address Translation Using Extended Page Table (EPT)\MyHypervisorDriver\MyHypervisorDriver\EPT.h(87,26): warning C4214: nonstandard extension used: bit field types other than int
D:\study\courses\Virtualization\Training\Templates\Hypervisor-From-Scratch\Part 4 - Address Translation Using Extended Page Table (EPT)\MyHypervisorDriver\MyHypervisorDriver\EPT.h(88,23): warning C4214: nonstandard extension used: bit field types other than int
D:\study\courses\Virtualization\Training\Templates\Hypervisor-From-Scratch\Part 4 - Address Translation Using Extended Page Table (EPT)\MyHypervisorDriver\MyHypervisorDriver\EPT.h(89,32): warning C4214: nonstandard extension used: bit field types other than int
D:\study\courses\Virtualization\Training\Templates\Hypervisor-From-Scratch\Part 4 - Address Translation Using Extended Page Table (EPT)\MyHypervisorDriver\MyHypervisorDriver\EPT.h(90,22): warning C4214: nonstandard extension used: bit field types other than int
D:\study\courses\Virtualization\Training\Templates\Hypervisor-From-Scratch\Part 4 - Address Translation Using Extended Page Table (EPT)\MyHypervisorDriver\MyHypervisorDriver\EPT.h(91,30): warning C4214: nonstandard extension used: bit field types other than int
D:\study\courses\Virtualization\Training\Templates\Hypervisor-From-Scratch\Part 4 - Address Translation Using Extended Page Table (EPT)\MyHypervisorDriver\MyHypervisorDriver\EPT.h(92,22): warning C4214: nonstandard extension used: bit field types other than int
D:\study\courses\Virtualization\Training\Templates\Hypervisor-From-Scratch\Part 4 - Address Translation Using Extended Page Table (EPT)\MyHypervisorDriver\MyHypervisorDriver\EPT.h(93,23): warning C4214: nonstandard extension used: bit field types other than int
D:\study\courses\Virtualization\Training\Templates\Hypervisor-From-Scratch\Part 4 - Address Translation Using Extended Page Table (EPT)\MyHypervisorDriver\MyHypervisorDriver\EPT.h(94,24): warning C4214: nonstandard extension used: bit field types other than int
D:\study\courses\Virtualization\Training\Templates\Hypervisor-From-Scratch\Part 4 - Address Translation Using Extended Page Table (EPT)\MyHypervisorDriver\MyHypervisorDriver\EPT.c(16,14): warning C4047: 'return': 'UINT64' differs in levels of indirection from 'void *'
D:\study\courses\Virtualization\Training\Templates\Hypervisor-From-Scratch\Part 4 - Address Translation Using Extended Page Table (EPT)\MyHypervisorDriver\MyHypervisorDriver\EPT.c(24,14): warning C4047: 'return': 'UINT64' differs in levels of indirection from 'void *'
D:\study\courses\Virtualization\Training\Templates\Hypervisor-From-Scratch\Part 4 - Address Translation Using Extended Page Table (EPT)\MyHypervisorDriver\MyHypervisorDriver\EPT.c(33,14): warning C4047: 'return': 'UINT64' differs in levels of indirection from 'void *'
D:\study\courses\Virtualization\Training\Templates\Hypervisor-From-Scratch\Part 4 - Address Translation Using Extended Page Table (EPT)\MyHypervisorDriver\MyHypervisorDriver\EPT.c(44,14): warning C4047: 'return': 'UINT64' differs in levels of indirection from 'void *'
D:\study\courses\Virtualization\Training\Templates\Hypervisor-From-Scratch\Part 4 - Address Translation Using Extended Page Table (EPT)\MyHypervisorDriver\MyHypervisorDriver\EPT.c(56,14): warning C4047: 'return': 'UINT64' differs in levels of indirection from 'void *'
D:\study\courses\Virtualization\Training\Templates\Hypervisor-From-Scratch\Part 4 - Address Translation Using Extended Page Table (EPT)\MyHypervisorDriver\MyHypervisorDriver\EPT.c(65,2): warning C4022: 'memset': pointer mismatch for actual parameter 1
D:\study\courses\Virtualization\Training\Templates\Hypervisor-From-Scratch\Part 4 - Address Translation Using Extended Page Table (EPT)\MyHypervisorDriver\MyHypervisorDriver\EPT.c(75,106): warning C4022: 'VirtualAddress_to_PhysicalAddress': pointer mismatch for actual parameter 1
D:\study\courses\Virtualization\Training\Templates\Hypervisor-From-Scratch\Part 4 - Address Translation Using Extended Page Table (EPT)\MyHypervisorDriver\MyHypervisorDriver\EPT.c(133,19): warning C4047: 'return': 'UINT64' differs in levels of indirection from 'PEPTP'
D:\study\courses\Virtualization\Training\Templates\Hypervisor-From-Scratch\Part 4 - Address Translation Using Extended Page Table (EPT)\MyHypervisorDriver\MyHypervisorDriver\EPT.c(64,1): warning C4047: 'initializing': 'UINT64' differs in levels of indirection from 'PVOID'
  Memory.c
D:\study\courses\Virtualization\Training\Templates\Hypervisor-From-Scratch\Part 4 - Address Translation Using Extended Page Table (EPT)\MyHypervisorDriver\MyHypervisorDriver\EPT.c(156,1): warning C4204: nonstandard extension used: non-constant aggregate initializer
D:\study\courses\Virtualization\Training\Templates\Hypervisor-From-Scratch\Part 4 - Address Translation Using Extended Page Table (EPT)\MyHypervisorDriver\MyHypervisorDriver\MSR.h(47,19): warning C4214: nonstandard extension used: bit field types other than int
D:\study\courses\Virtualization\Training\Templates\Hypervisor-From-Scratch\Part 4 - Address Translation Using Extended Page Table (EPT)\MyHypervisorDriver\MyHypervisorDriver\MSR.h(48,24): warning C4214: nonstandard extension used: bit field types other than int
D:\study\courses\Virtualization\Training\Templates\Hypervisor-From-Scratch\Part 4 - Address Translation Using Extended Page Table (EPT)\MyHypervisorDriver\MyHypervisorDriver\MSR.h(49,26): warning C4214: nonstandard extension used: bit field types other than int
D:\study\courses\Virtualization\Training\Templates\Hypervisor-From-Scratch\Part 4 - Address Translation Using Extended Page Table (EPT)\MyHypervisorDriver\MyHypervisorDriver\MSR.h(50,24): warning C4214: nonstandard extension used: bit field types other than int
D:\study\courses\Virtualization\Training\Templates\Hypervisor-From-Scratch\Part 4 - Address Translation Using Extended Page Table (EPT)\MyHypervisorDriver\MyHypervisorDriver\MSR.h(51,32): warning C4214: nonstandard extension used: bit field types other than int
D:\study\courses\Virtualization\Training\Templates\Hypervisor-From-Scratch\Part 4 - Address Translation Using Extended Page Table (EPT)\MyHypervisorDriver\MyHypervisorDriver\MSR.h(52,33): warning C4214: nonstandard extension used: bit field types other than int
D:\study\courses\Virtualization\Training\Templates\Hypervisor-From-Scratch\Part 4 - Address Translation Using Extended Page Table (EPT)\MyHypervisorDriver\MyHypervisorDriver\MSR.h(53,26): warning C4214: nonstandard extension used: bit field types other than int
D:\study\courses\Virtualization\Training\Templates\Hypervisor-From-Scratch\Part 4 - Address Translation Using Extended Page Table (EPT)\MyHypervisorDriver\MyHypervisorDriver\MSR.h(54,26): warning C4214: nonstandard extension used: bit field types other than int
D:\study\courses\Virtualization\Training\Templates\Hypervisor-From-Scratch\Part 4 - Address Translation Using Extended Page Table (EPT)\MyHypervisorDriver\MyHypervisorDriver\Memory.c(23,46): warning C4047: 'return': 'UINT64' differs in levels of indirection from 'PVOID'
D:\study\courses\Virtualization\Training\Templates\Hypervisor-From-Scratch\Part 4 - Address Translation Using Extended Page Table (EPT)\MyHypervisorDriver\MyHypervisorDriver\Memory.c(27,55): warning C4459: declaration of 'vmState' hides global declaration
D:\study\courses\Virtualization\Training\Templates\Hypervisor-From-Scratch\Part 4 - Address Translation Using Extended Page Table (EPT)\MyHypervisorDriver\MyHypervisorDriver\VMX.h(156,29): message : see declaration of 'vmState'
D:\study\courses\Virtualization\Training\Templates\Hypervisor-From-Scratch\Part 4 - Address Translation Using Extended Page Table (EPT)\MyHypervisorDriver\MyHypervisorDriver\Memory.c(54,1): warning C4047: 'initializing': 'UINT64' differs in levels of indirection from 'BYTE *'
D:\study\courses\Virtualization\Training\Templates\Hypervisor-From-Scratch\Part 4 - Address Translation Using Extended Page Table (EPT)\MyHypervisorDriver\MyHypervisorDriver\Memory.c(56,1): warning C4047: 'initializing': 'UINT64' differs in levels of indirection from 'BYTE *'
D:\study\courses\Virtualization\Training\Templates\Hypervisor-From-Scratch\Part 4 - Address Translation Using Extended Page Table (EPT)\MyHypervisorDriver\MyHypervisorDriver\Memory.c(41,36): warning C4189: 'Lowest': local variable is initialized but not referenced
D:\study\courses\Virtualization\Training\Templates\Hypervisor-From-Scratch\Part 4 - Address Translation Using Extended Page Table (EPT)\MyHypervisorDriver\MyHypervisorDriver\Memory.c(87,54): warning C4459: declaration of 'vmState' hides global declaration
D:\study\courses\Virtualization\Training\Templates\Hypervisor-From-Scratch\Part 4 - Address Translation Using Extended Page Table (EPT)\MyHypervisorDriver\MyHypervisorDriver\VMX.h(156,29): message : see declaration of 'vmState'
D:\study\courses\Virtualization\Training\Templates\Hypervisor-From-Scratch\Part 4 - Address Translation Using Extended Page Table (EPT)\MyHypervisorDriver\MyHypervisorDriver\Memory.c(113,1): warning C4047: 'initializing': 'UINT64' differs in levels of indirection from 'BYTE *'
D:\study\courses\Virtualization\Training\Templates\Hypervisor-From-Scratch\Part 4 - Address Translation Using Extended Page Table (EPT)\MyHypervisorDriver\MyHypervisorDriver\Memory.c(115,1): warning C4047: 'initializing': 'UINT64' differs in levels of indirection from 'BYTE *'
  Driver.c
D:\study\courses\Virtualization\Training\Templates\Hypervisor-From-Scratch\Part 4 - Address Translation Using Extended Page Table (EPT)\MyHypervisorDriver\MyHypervisorDriver\Memory.c(101,36): warning C4189: 'Lowest': local variable is initialized but not referenced
D:\study\courses\Virtualization\Training\Templates\Hypervisor-From-Scratch\Part 4 - Address Translation Using Extended Page Table (EPT)\MyHypervisorDriver\MyHypervisorDriver\EPT.h(9,24): warning C4214: nonstandard extension used: bit field types other than int
D:\study\courses\Virtualization\Training\Templates\Hypervisor-From-Scratch\Part 4 - Address Translation Using Extended Page Table (EPT)\MyHypervisorDriver\MyHypervisorDriver\EPT.h(10,28): warning C4214: nonstandard extension used: bit field types other than int
D:\study\courses\Virtualization\Training\Templates\Hypervisor-From-Scratch\Part 4 - Address Translation Using Extended Page Table (EPT)\MyHypervisorDriver\MyHypervisorDriver\EPT.h(11,35): warning C4214: nonstandard extension used: bit field types other than int
D:\study\courses\Virtualization\Training\Templates\Hypervisor-From-Scratch\Part 4 - Address Translation Using Extended Page Table (EPT)\MyHypervisorDriver\MyHypervisorDriver\EPT.h(12,23): warning C4214: nonstandard extension used: bit field types other than int
D:\study\courses\Virtualization\Training\Templates\Hypervisor-From-Scratch\Part 4 - Address Translation Using Extended Page Table (EPT)\MyHypervisorDriver\MyHypervisorDriver\EPT.h(13,26): warning C4214: nonstandard extension used: bit field types other than int
D:\study\courses\Virtualization\Training\Templates\Hypervisor-From-Scratch\Part 4 - Address Translation Using Extended Page Table (EPT)\MyHypervisorDriver\MyHypervisorDriver\EPT.h(14,24): warning C4214: nonstandard extension used: bit field types other than int
D:\study\courses\Virtualization\Training\Templates\Hypervisor-From-Scratch\Part 4 - Address Translation Using Extended Page Table (EPT)\MyHypervisorDriver\MyHypervisorDriver\EPT.h(24,18): warning C4214: nonstandard extension used: bit field types other than int
D:\study\courses\Virtualization\Training\Templates\Hypervisor-From-Scratch\Part 4 - Address Translation Using Extended Page Table (EPT)\MyHypervisorDriver\MyHypervisorDriver\EPT.h(25,19): warning C4214: nonstandard extension used: bit field types other than int
D:\study\courses\Virtualization\Training\Templates\Hypervisor-From-Scratch\Part 4 - Address Translation Using Extended Page Table (EPT)\MyHypervisorDriver\MyHypervisorDriver\EPT.h(26,21): warning C4214: nonstandard extension used: bit field types other than int
D:\study\courses\Virtualization\Training\Templates\Hypervisor-From-Scratch\Part 4 - Address Translation Using Extended Page Table (EPT)\MyHypervisorDriver\MyHypervisorDriver\EPT.h(27,23): warning C4214: nonstandard extension used: bit field types other than int
D:\study\courses\Virtualization\Training\Templates\Hypervisor-From-Scratch\Part 4 - Address Translation Using Extended Page Table (EPT)\MyHypervisorDriver\MyHypervisorDriver\EPT.h(28,22): warning C4214: nonstandard extension used: bit field types other than int
D:\study\courses\Virtualization\Training\Templates\Hypervisor-From-Scratch\Part 4 - Address Translation Using Extended Page Table (EPT)\MyHypervisorDriver\MyHypervisorDriver\EPT.h(29,22): warning C4214: nonstandard extension used: bit field types other than int
D:\study\courses\Virtualization\Training\Templates\Hypervisor-From-Scratch\Part 4 - Address Translation Using Extended Page Table (EPT)\MyHypervisorDriver\MyHypervisorDriver\EPT.h(30,32): warning C4214: nonstandard extension used: bit field types other than int
D:\study\courses\Virtualization\Training\Templates\Hypervisor-From-Scratch\Part 4 - Address Translation Using Extended Page Table (EPT)\MyHypervisorDriver\MyHypervisorDriver\EPT.h(31,22): warning C4214: nonstandard extension used: bit field types other than int
D:\study\courses\Virtualization\Training\Templates\Hypervisor-From-Scratch\Part 4 - Address Translation Using Extended Page Table (EPT)\MyHypervisorDriver\MyHypervisorDriver\EPT.h(32,30): warning C4214: nonstandard extension used: bit field types other than int
D:\study\courses\Virtualization\Training\Templates\Hypervisor-From-Scratch\Part 4 - Address Translation Using Extended Page Table (EPT)\MyHypervisorDriver\MyHypervisorDriver\EPT.h(33,23): warning C4214: nonstandard extension used: bit field types other than int
D:\study\courses\Virtualization\Training\Templates\Hypervisor-From-Scratch\Part 4 - Address Translation Using Extended Page Table (EPT)\MyHypervisorDriver\MyHypervisorDriver\EPT.h(34,23): warning C4214: nonstandard extension used: bit field types other than int
D:\study\courses\Virtualization\Training\Templates\Hypervisor-From-Scratch\Part 4 - Address Translation Using Extended Page Table (EPT)\MyHypervisorDriver\MyHypervisorDriver\EPT.h(44,18): warning C4214: nonstandard extension used: bit field types other than int
D:\study\courses\Virtualization\Training\Templates\Hypervisor-From-Scratch\Part 4 - Address Translation Using Extended Page Table (EPT)\MyHypervisorDriver\MyHypervisorDriver\EPT.h(45,19): warning C4214: nonstandard extension used: bit field types other than int
D:\study\courses\Virtualization\Training\Templates\Hypervisor-From-Scratch\Part 4 - Address Translation Using Extended Page Table (EPT)\MyHypervisorDriver\MyHypervisorDriver\EPT.h(46,21): warning C4214: nonstandard extension used: bit field types other than int
D:\study\courses\Virtualization\Training\Templates\Hypervisor-From-Scratch\Part 4 - Address Translation Using Extended Page Table (EPT)\MyHypervisorDriver\MyHypervisorDriver\EPT.h(47,23): warning C4214: nonstandard extension used: bit field types other than int
D:\study\courses\Virtualization\Training\Templates\Hypervisor-From-Scratch\Part 4 - Address Translation Using Extended Page Table (EPT)\MyHypervisorDriver\MyHypervisorDriver\EPT.h(48,22): warning C4214: nonstandard extension used: bit field types other than int
D:\study\courses\Virtualization\Training\Templates\Hypervisor-From-Scratch\Part 4 - Address Translation Using Extended Page Table (EPT)\MyHypervisorDriver\MyHypervisorDriver\EPT.h(49,22): warning C4214: nonstandard extension used: bit field types other than int
D:\study\courses\Virtualization\Training\Templates\Hypervisor-From-Scratch\Part 4 - Address Translation Using Extended Page Table (EPT)\MyHypervisorDriver\MyHypervisorDriver\EPT.h(50,32): warning C4214: nonstandard extension used: bit field types other than int
D:\study\courses\Virtualization\Training\Templates\Hypervisor-From-Scratch\Part 4 - Address Translation Using Extended Page Table (EPT)\MyHypervisorDriver\MyHypervisorDriver\EPT.h(51,22): warning C4214: nonstandard extension used: bit field types other than int
D:\study\courses\Virtualization\Training\Templates\Hypervisor-From-Scratch\Part 4 - Address Translation Using Extended Page Table (EPT)\MyHypervisorDriver\MyHypervisorDriver\EPT.h(52,30): warning C4214: nonstandard extension used: bit field types other than int
D:\study\courses\Virtualization\Training\Templates\Hypervisor-From-Scratch\Part 4 - Address Translation Using Extended Page Table (EPT)\MyHypervisorDriver\MyHypervisorDriver\EPT.h(53,23): warning C4214: nonstandard extension used: bit field types other than int
D:\study\courses\Virtualization\Training\Templates\Hypervisor-From-Scratch\Part 4 - Address Translation Using Extended Page Table (EPT)\MyHypervisorDriver\MyHypervisorDriver\EPT.h(54,23): warning C4214: nonstandard extension used: bit field types other than int
D:\study\courses\Virtualization\Training\Templates\Hypervisor-From-Scratch\Part 4 - Address Translation Using Extended Page Table (EPT)\MyHypervisorDriver\MyHypervisorDriver\EPT.h(63,18): warning C4214: nonstandard extension used: bit field types other than int
D:\study\courses\Virtualization\Training\Templates\Hypervisor-From-Scratch\Part 4 - Address Translation Using Extended Page Table (EPT)\MyHypervisorDriver\MyHypervisorDriver\EPT.h(64,19): warning C4214: nonstandard extension used: bit field types other than int
D:\study\courses\Virtualization\Training\Templates\Hypervisor-From-Scratch\Part 4 - Address Translation Using Extended Page Table (EPT)\MyHypervisorDriver\MyHypervisorDriver\EPT.h(65,21): warning C4214: nonstandard extension used: bit field types other than int
D:\study\courses\Virtualization\Training\Templates\Hypervisor-From-Scratch\Part 4 - Address Translation Using Extended Page Table (EPT)\MyHypervisorDriver\MyHypervisorDriver\EPT.h(66,23): warning C4214: nonstandard extension used: bit field types other than int
D:\study\courses\Virtualization\Training\Templates\Hypervisor-From-Scratch\Part 4 - Address Translation Using Extended Page Table (EPT)\MyHypervisorDriver\MyHypervisorDriver\EPT.h(67,22): warning C4214: nonstandard extension used: bit field types other than int
D:\study\courses\Virtualization\Training\Templates\Hypervisor-From-Scratch\Part 4 - Address Translation Using Extended Page Table (EPT)\MyHypervisorDriver\MyHypervisorDriver\EPT.h(68,22): warning C4214: nonstandard extension used: bit field types other than int
D:\study\courses\Virtualization\Training\Templates\Hypervisor-From-Scratch\Part 4 - Address Translation Using Extended Page Table (EPT)\MyHypervisorDriver\MyHypervisorDriver\EPT.h(69,32): warning C4214: nonstandard extension used: bit field types other than int
D:\study\courses\Virtualization\Training\Templates\Hypervisor-From-Scratch\Part 4 - Address Translation Using Extended Page Table (EPT)\MyHypervisorDriver\MyHypervisorDriver\EPT.h(70,22): warning C4214: nonstandard extension used: bit field types other than int
D:\study\courses\Virtualization\Training\Templates\Hypervisor-From-Scratch\Part 4 - Address Translation Using Extended Page Table (EPT)\MyHypervisorDriver\MyHypervisorDriver\EPT.h(71,30): warning C4214: nonstandard extension used: bit field types other than int
D:\study\courses\Virtualization\Training\Templates\Hypervisor-From-Scratch\Part 4 - Address Translation Using Extended Page Table (EPT)\MyHypervisorDriver\MyHypervisorDriver\EPT.h(72,23): warning C4214: nonstandard extension used: bit field types other than int
D:\study\courses\Virtualization\Training\Templates\Hypervisor-From-Scratch\Part 4 - Address Translation Using Extended Page Table (EPT)\MyHypervisorDriver\MyHypervisorDriver\EPT.h(73,23): warning C4214: nonstandard extension used: bit field types other than int
D:\study\courses\Virtualization\Training\Templates\Hypervisor-From-Scratch\Part 4 - Address Translation Using Extended Page Table (EPT)\MyHypervisorDriver\MyHypervisorDriver\EPT.h(81,18): warning C4214: nonstandard extension used: bit field types other than int
D:\study\courses\Virtualization\Training\Templates\Hypervisor-From-Scratch\Part 4 - Address Translation Using Extended Page Table (EPT)\MyHypervisorDriver\MyHypervisorDriver\EPT.h(82,19): warning C4214: nonstandard extension used: bit field types other than int
D:\study\courses\Virtualization\Training\Templates\Hypervisor-From-Scratch\Part 4 - Address Translation Using Extended Page Table (EPT)\MyHypervisorDriver\MyHypervisorDriver\EPT.h(83,21): warning C4214: nonstandard extension used: bit field types other than int
D:\study\courses\Virtualization\Training\Templates\Hypervisor-From-Scratch\Part 4 - Address Translation Using Extended Page Table (EPT)\MyHypervisorDriver\MyHypervisorDriver\EPT.h(84,27): warning C4214: nonstandard extension used: bit field types other than int
D:\study\courses\Virtualization\Training\Templates\Hypervisor-From-Scratch\Part 4 - Address Translation Using Extended Page Table (EPT)\MyHypervisorDriver\MyHypervisorDriver\EPT.h(85,23): warning C4214: nonstandard extension used: bit field types other than int
D:\study\courses\Virtualization\Training\Templates\Hypervisor-From-Scratch\Part 4 - Address Translation Using Extended Page Table (EPT)\MyHypervisorDriver\MyHypervisorDriver\EPT.h(86,22): warning C4214: nonstandard extension used: bit field types other than int
D:\study\courses\Virtualization\Training\Templates\Hypervisor-From-Scratch\Part 4 - Address Translation Using Extended Page Table (EPT)\MyHypervisorDriver\MyHypervisorDriver\EPT.h(87,26): warning C4214: nonstandard extension used: bit field types other than int
D:\study\courses\Virtualization\Training\Templates\Hypervisor-From-Scratch\Part 4 - Address Translation Using Extended Page Table (EPT)\MyHypervisorDriver\MyHypervisorDriver\EPT.h(88,23): warning C4214: nonstandard extension used: bit field types other than int
D:\study\courses\Virtualization\Training\Templates\Hypervisor-From-Scratch\Part 4 - Address Translation Using Extended Page Table (EPT)\MyHypervisorDriver\MyHypervisorDriver\EPT.h(89,32): warning C4214: nonstandard extension used: bit field types other than int
D:\study\courses\Virtualization\Training\Templates\Hypervisor-From-Scratch\Part 4 - Address Translation Using Extended Page Table (EPT)\MyHypervisorDriver\MyHypervisorDriver\EPT.h(90,22): warning C4214: nonstandard extension used: bit field types other than int
D:\study\courses\Virtualization\Training\Templates\Hypervisor-From-Scratch\Part 4 - Address Translation Using Extended Page Table (EPT)\MyHypervisorDriver\MyHypervisorDriver\EPT.h(91,30): warning C4214: nonstandard extension used: bit field types other than int
D:\study\courses\Virtualization\Training\Templates\Hypervisor-From-Scratch\Part 4 - Address Translation Using Extended Page Table (EPT)\MyHypervisorDriver\MyHypervisorDriver\EPT.h(92,22): warning C4214: nonstandard extension used: bit field types other than int
D:\study\courses\Virtualization\Training\Templates\Hypervisor-From-Scratch\Part 4 - Address Translation Using Extended Page Table (EPT)\MyHypervisorDriver\MyHypervisorDriver\EPT.h(93,23): warning C4214: nonstandard extension used: bit field types other than int
D:\study\courses\Virtualization\Training\Templates\Hypervisor-From-Scratch\Part 4 - Address Translation Using Extended Page Table (EPT)\MyHypervisorDriver\MyHypervisorDriver\EPT.h(94,24): warning C4214: nonstandard extension used: bit field types other than int
D:\study\courses\Virtualization\Training\Templates\Hypervisor-From-Scratch\Part 4 - Address Translation Using Extended Page Table (EPT)\MyHypervisorDriver\MyHypervisorDriver\Driver.c(10,70): warning C4100: 'pRegistryPath': unreferenced formal parameter
D:\study\courses\Virtualization\Training\Templates\Hypervisor-From-Scratch\Part 4 - Address Translation Using Extended Page Table (EPT)\MyHypervisorDriver\MyHypervisorDriver\Driver.c(54,38): warning C4100: 'DeviceObject': unreferenced formal parameter
D:\study\courses\Virtualization\Training\Templates\Hypervisor-From-Scratch\Part 4 - Address Translation Using Extended Page Table (EPT)\MyHypervisorDriver\MyHypervisorDriver\Driver.c(73,36): warning C4100: 'DeviceObject': unreferenced formal parameter
D:\study\courses\Virtualization\Training\Templates\Hypervisor-From-Scratch\Part 4 - Address Translation Using Extended Page Table (EPT)\MyHypervisorDriver\MyHypervisorDriver\Driver.c(84,37): warning C4100: 'DeviceObject': unreferenced formal parameter
D:\study\courses\Virtualization\Training\Templates\Hypervisor-From-Scratch\Part 4 - Address Translation Using Extended Page Table (EPT)\MyHypervisorDriver\MyHypervisorDriver\Driver.c(95,37): warning C4100: 'DeviceObject': unreferenced formal parameter
D:\study\courses\Virtualization\Training\Templates\Hypervisor-From-Scratch\Part 4 - Address Translation Using Extended Page Table (EPT)\MyHypervisorDriver\MyHypervisorDriver\Driver.c(110,43): warning C4100: 'DeviceObject': unreferenced formal parameter
D:\study\courses\Virtualization\Training\Templates\Hypervisor-From-Scratch\Part 4 - Address Translation Using Extended Page Table (EPT)\MyHypervisorDriver\MyHypervisorDriver\Driver.c(357,14): warning C4047: 'function': 'PCSTR' differs in levels of indirection from 'NTSTATUS'
  Processor.c
D:\study\courses\Virtualization\Training\Templates\Hypervisor-From-Scratch\Part 4 - Address Translation Using Extended Page Table (EPT)\MyHypervisorDriver\MyHypervisorDriver\Driver.c(357,14): warning C4024: 'DbgPrint': different types for formal and actual parameter 1
D:\study\courses\Virtualization\Training\Templates\Hypervisor-From-Scratch\Part 4 - Address Translation Using Extended Page Table (EPT)\MyHypervisorDriver\MyHypervisorDriver\MSR.h(47,19): warning C4214: nonstandard extension used: bit field types other than int
D:\study\courses\Virtualization\Training\Templates\Hypervisor-From-Scratch\Part 4 - Address Translation Using Extended Page Table (EPT)\MyHypervisorDriver\MyHypervisorDriver\MSR.h(48,24): warning C4214: nonstandard extension used: bit field types other than int
D:\study\courses\Virtualization\Training\Templates\Hypervisor-From-Scratch\Part 4 - Address Translation Using Extended Page Table (EPT)\MyHypervisorDriver\MyHypervisorDriver\MSR.h(49,26): warning C4214: nonstandard extension used: bit field types other than int
D:\study\courses\Virtualization\Training\Templates\Hypervisor-From-Scratch\Part 4 - Address Translation Using Extended Page Table (EPT)\MyHypervisorDriver\MyHypervisorDriver\MSR.h(50,24): warning C4214: nonstandard extension used: bit field types other than int
D:\study\courses\Virtualization\Training\Templates\Hypervisor-From-Scratch\Part 4 - Address Translation Using Extended Page Table (EPT)\MyHypervisorDriver\MyHypervisorDriver\MSR.h(51,32): warning C4214: nonstandard extension used: bit field types other than int
D:\study\courses\Virtualization\Training\Templates\Hypervisor-From-Scratch\Part 4 - Address Translation Using Extended Page Table (EPT)\MyHypervisorDriver\MyHypervisorDriver\MSR.h(52,33): warning C4214: nonstandard extension used: bit field types other than int
D:\study\courses\Virtualization\Training\Templates\Hypervisor-From-Scratch\Part 4 - Address Translation Using Extended Page Table (EPT)\MyHypervisorDriver\MyHypervisorDriver\MSR.h(53,26): warning C4214: nonstandard extension used: bit field types other than int
D:\study\courses\Virtualization\Training\Templates\Hypervisor-From-Scratch\Part 4 - Address Translation Using Extended Page Table (EPT)\MyHypervisorDriver\MyHypervisorDriver\MSR.h(54,26): warning C4214: nonstandard extension used: bit field types other than int
  VMX.c
D:\study\courses\Virtualization\Training\Templates\Hypervisor-From-Scratch\Part 4 - Address Translation Using Extended Page Table (EPT)\MyHypervisorDriver\MyHypervisorDriver\Processor.c(33,28): warning C4267: 'function': conversion from 'size_t' to 'int', possible loss of data
D:\study\courses\Virtualization\Training\Templates\Hypervisor-From-Scratch\Part 4 - Address Translation Using Extended Page Table (EPT)\MyHypervisorDriver\MyHypervisorDriver\MSR.h(47,19): warning C4214: nonstandard extension used: bit field types other than int
D:\study\courses\Virtualization\Training\Templates\Hypervisor-From-Scratch\Part 4 - Address Translation Using Extended Page Table (EPT)\MyHypervisorDriver\MyHypervisorDriver\MSR.h(48,24): warning C4214: nonstandard extension used: bit field types other than int
D:\study\courses\Virtualization\Training\Templates\Hypervisor-From-Scratch\Part 4 - Address Translation Using Extended Page Table (EPT)\MyHypervisorDriver\MyHypervisorDriver\MSR.h(49,26): warning C4214: nonstandard extension used: bit field types other than int
D:\study\courses\Virtualization\Training\Templates\Hypervisor-From-Scratch\Part 4 - Address Translation Using Extended Page Table (EPT)\MyHypervisorDriver\MyHypervisorDriver\MSR.h(50,24): warning C4214: nonstandard extension used: bit field types other than int
D:\study\courses\Virtualization\Training\Templates\Hypervisor-From-Scratch\Part 4 - Address Translation Using Extended Page Table (EPT)\MyHypervisorDriver\MyHypervisorDriver\MSR.h(51,32): warning C4214: nonstandard extension used: bit field types other than int
D:\study\courses\Virtualization\Training\Templates\Hypervisor-From-Scratch\Part 4 - Address Translation Using Extended Page Table (EPT)\MyHypervisorDriver\MyHypervisorDriver\MSR.h(52,33): warning C4214: nonstandard extension used: bit field types other than int
D:\study\courses\Virtualization\Training\Templates\Hypervisor-From-Scratch\Part 4 - Address Translation Using Extended Page Table (EPT)\MyHypervisorDriver\MyHypervisorDriver\MSR.h(53,26): warning C4214: nonstandard extension used: bit field types other than int
D:\study\courses\Virtualization\Training\Templates\Hypervisor-From-Scratch\Part 4 - Address Translation Using Extended Page Table (EPT)\MyHypervisorDriver\MyHypervisorDriver\MSR.h(54,26): warning C4214: nonstandard extension used: bit field types other than int
D:\study\courses\Virtualization\Training\Templates\Hypervisor-From-Scratch\Part 4 - Address Translation Using Extended Page Table (EPT)\MyHypervisorDriver\MyHypervisorDriver\VMX.c(25,28): warning C4267: 'function': conversion from 'size_t' to 'int', possible loss of data
D:\study\courses\Virtualization\Training\Templates\Hypervisor-From-Scratch\Part 4 - Address Translation Using Extended Page Table (EPT)\MyHypervisorDriver\MyHypervisorDriver\VMX.c(54,28): warning C4267: 'function': conversion from 'size_t' to 'int', possible loss of data
D:\study\courses\Virtualization\Training\Templates\Hypervisor-From-Scratch\Part 4 - Address Translation Using Extended Page Table (EPT)\MyHypervisorDriver\MyHypervisorDriver\VMX.c(60,84): warning C4022: 'MmFreeContiguousMemory': pointer mismatch for actual parameter 1
D:\study\courses\Virtualization\Training\Templates\Hypervisor-From-Scratch\Part 4 - Address Translation Using Extended Page Table (EPT)\MyHypervisorDriver\MyHypervisorDriver\VMX.c(61,83): warning C4022: 'MmFreeContiguousMemory': pointer mismatch for actual parameter 1
D:\study\courses\Virtualization\Training\Templates\Hypervisor-From-Scratch\Part 4 - Address Translation Using Extended Page Table (EPT)\MyHypervisorDriver\MyHypervisorDriver\VMX.c(80,59): warning C4459: declaration of 'vmState' hides global declaration
D:\study\courses\Virtualization\Training\Templates\Hypervisor-From-Scratch\Part 4 - Address Translation Using Extended Page Table (EPT)\MyHypervisorDriver\MyHypervisorDriver\VMX.c(5,22): message : see declaration of 'vmState'
D:\study\courses\Virtualization\Training\Templates\Hypervisor-From-Scratch\Part 4 - Address Translation Using Extended Page Table (EPT)\MyHypervisorDriver\MyHypervisorDriver\VMX.c(93,53): warning C4459: declaration of 'vmState' hides global declaration
D:\study\courses\Virtualization\Training\Templates\Hypervisor-From-Scratch\Part 4 - Address Translation Using Extended Page Table (EPT)\MyHypervisorDriver\MyHypervisorDriver\VMX.c(5,22): message : see declaration of 'vmState'
  Generating Code...
D:\study\courses\Virtualization\Training\Templates\Hypervisor-From-Scratch\Part 4 - Address Translation Using Extended Page Table (EPT)\MyHypervisorDriver\MyHypervisorDriver\VMX.c(93,44): warning C4100: 'vmState': unreferenced formal parameter
D:\study\courses\Virtualization\Training\Templates\Hypervisor-From-Scratch\Part 4 - Address Translation Using Extended Page Table (EPT)\MyHypervisorDriver\MyHypervisorDriver\VMX.c(44): warning C4715: 'Initiate_VMX': not all control paths return a value
D:\study\courses\Virtualization\Training\Templates\Hypervisor-From-Scratch\Part 4 - Address Translation Using Extended Page Table (EPT)\MyHypervisorDriver\MyHypervisorDriver\VMX.c(97): warning C4716: 'Setup_VMCS': must return a value
  MyHypervisorDriver.vcxproj -> D:\study\courses\Virtualization\Training\Templates\Hypervisor-From-Scratch\Part 4 - Address Translation Using Extended Page Table (EPT)\MyHypervisorDriver\x64\Release\MyHypervisorDriver.sys
D:\study\courses\Virtualization\Training\Templates\Hypervisor-From-Scratch\Part 4 - Address Translation Using Extended Page Table (EPT)\MyHypervisorDriver\MyHypervisorDriver\MyHypervisorDriver.vcxproj(69,5): warning MSB4011: "C:\Program Files (x86)\Microsoft Visual Studio\2019\Community\MSBuild\Microsoft\VC\v160\BuildCustomizations\masm.props" cannot be imported again. It was already imported at "C:\Program Files (x86)\Windows Kits\10\build\WindowsDriver.Shared.props (330,3)". This is most likely a build authoring error. This subsequent import will be ignored. 
D:\study\courses\Virtualization\Training\Templates\Hypervisor-From-Scratch\Part 4 - Address Translation Using Extended Page Table (EPT)\MyHypervisorDriver\MyHypervisorDriver\MyHypervisorDriver.vcxproj(132,5): warning MSB4011: "C:\Program Files (x86)\Microsoft Visual Studio\2019\Community\MSBuild\Microsoft\VC\v160\BuildCustomizations\masm.targets" cannot be imported again. It was already imported at "C:\Program Files (x86)\Windows Kits\10\build\WindowsDriver.common.targets (1797,3)". This is most likely a build authoring error. This subsequent import will be ignored. 
  Done Adding Additional Store
  Successfully signed: D:\study\courses\Virtualization\Training\Templates\Hypervisor-From-Scratch\Part 4 - Address Translation Using Extended Page Table (EPT)\MyHypervisorDriver\x64\Release\MyHypervisorDriver.sys
  
  Driver is a Universal Driver.
  .........................
  Signability test complete.
  
  Errors:
  None
  
  Warnings:
  None
  
  Catalog generation complete.
  D:\study\courses\Virtualization\Training\Templates\Hypervisor-From-Scratch\Part 4 - Address Translation Using Extended Page Table (EPT)\MyHypervisorDriver\x64\Release\MyHypervisorDriver\myhypervisordriver.cat
D:\study\courses\Virtualization\Training\Templates\Hypervisor-From-Scratch\Part 4 - Address Translation Using Extended Page Table (EPT)\MyHypervisorDriver\MyHypervisorDriver\MyHypervisorDriver.vcxproj(69,5): warning MSB4011: "C:\Program Files (x86)\Microsoft Visual Studio\2019\Community\MSBuild\Microsoft\VC\v160\BuildCustomizations\masm.props" cannot be imported again. It was already imported at "C:\Program Files (x86)\Windows Kits\10\build\WindowsDriver.Shared.props (330,3)". This is most likely a build authoring error. This subsequent import will be ignored. 
D:\study\courses\Virtualization\Training\Templates\Hypervisor-From-Scratch\Part 4 - Address Translation Using Extended Page Table (EPT)\MyHypervisorDriver\MyHypervisorDriver\MyHypervisorDriver.vcxproj(132,5): warning MSB4011: "C:\Program Files (x86)\Microsoft Visual Studio\2019\Community\MSBuild\Microsoft\VC\v160\BuildCustomizations\masm.targets" cannot be imported again. It was already imported at "C:\Program Files (x86)\Windows Kits\10\build\WindowsDriver.common.targets (1797,3)". This is most likely a build authoring error. This subsequent import will be ignored. 
  Done Adding Additional Store
  Successfully signed: D:\study\courses\Virtualization\Training\Templates\Hypervisor-From-Scratch\Part 4 - Address Translation Using Extended Page Table (EPT)\MyHypervisorDriver\x64\Release\MyHypervisorDriver\myhypervisordriver.cat
  
